The system is: Linux - 4.9.60-linuxkit-aufs - x86_64
Compiling the C compiler identification source file "CMakeCCompilerId.c" succeeded.
Compiler: /usr/sbin/cc 
Build flags: 
Id flags:  

The output was:
0


Compilation of the C compiler identification source "CMakeCCompilerId.c" produced "a.out"

The C compiler identification is GNU, found in "/computer-vision-bootcamp/modules/sort/make/CMakeFiles/3.9.3/CompilerIdC/a.out"

Compiling the CXX compiler identification source file "CMakeCXXCompilerId.cpp" succeeded.
Compiler: /usr/sbin/c++ 
Build flags: 
Id flags:  

The output was:
0


Compilation of the CXX compiler identification source "CMakeCXXCompilerId.cpp" produced "a.out"

The CXX compiler identification is GNU, found in "/computer-vision-bootcamp/modules/sort/make/CMakeFiles/3.9.3/CompilerIdCXX/a.out"

Determining if the C compiler works passed with the following output:
Change Dir: /computer-vision-bootcamp/modules/sort/make/CMakeFiles/CMakeTmp

Run Build Command:"/usr/sbin/make" "cmTC_5f423/fast"
/usr/sbin/make -f CMakeFiles/cmTC_5f423.dir/build.make CMakeFiles/cmTC_5f423.dir/build
make[1]: Entering directory '/computer-vision-bootcamp/modules/sort/make/CMakeFiles/CMakeTmp'
Building C object CMakeFiles/cmTC_5f423.dir/testCCompiler.c.o
/usr/sbin/cc    -o CMakeFiles/cmTC_5f423.dir/testCCompiler.c.o   -c /computer-vision-bootcamp/modules/sort/make/CMakeFiles/CMakeTmp/testCCompiler.c
Linking C executable cmTC_5f423
/usr/bin/cmake -E cmake_link_script CMakeFiles/cmTC_5f423.dir/link.txt --verbose=1
/usr/sbin/cc      -rdynamic CMakeFiles/cmTC_5f423.dir/testCCompiler.c.o  -o cmTC_5f423 
make[1]: Leaving directory '/computer-vision-bootcamp/modules/sort/make/CMakeFiles/CMakeTmp'


Detecting C compiler ABI info compiled with the following output:
Change Dir: /computer-vision-bootcamp/modules/sort/make/CMakeFiles/CMakeTmp

Run Build Command:"/usr/sbin/make" "cmTC_b1ac4/fast"
/usr/sbin/make -f CMakeFiles/cmTC_b1ac4.dir/build.make CMakeFiles/cmTC_b1ac4.dir/build
make[1]: Entering directory '/computer-vision-bootcamp/modules/sort/make/CMakeFiles/CMakeTmp'
Building C object CMakeFiles/cmTC_b1ac4.dir/CMakeCCompilerABI.c.o
/usr/sbin/cc    -o CMakeFiles/cmTC_b1ac4.dir/CMakeCCompilerABI.c.o   -c /usr/share/cmake-3.9/Modules/CMakeCCompilerABI.c
Linking C executable cmTC_b1ac4
/usr/bin/cmake -E cmake_link_script CMakeFiles/cmTC_b1ac4.dir/link.txt --verbose=1
/usr/sbin/cc     -v -rdynamic CMakeFiles/cmTC_b1ac4.dir/CMakeCCompilerABI.c.o  -o cmTC_b1ac4 
Using built-in specs.
COLLECT_GCC=/usr/sbin/cc
COLLECT_LTO_WRAPPER=/usr/lib/gcc/x86_64-pc-linux-gnu/7.2.0/lto-wrapper
Target: x86_64-pc-linux-gnu
Configured with: /build/gcc/src/gcc/configure --prefix=/usr --libdir=/usr/lib --libexecdir=/usr/lib --mandir=/usr/share/man --infodir=/usr/share/info --with-bugurl=https://bugs.archlinux.org/ --enable-languages=c,c++,ada,fortran,go,lto,objc,obj-c++ --enable-shared --enable-threads=posix --enable-libmpx --with-system-zlib --with-isl --enable-__cxa_atexit --disable-libunwind-exceptions --enable-clocale=gnu --disable-libstdcxx-pch --disable-libssp --enable-gnu-unique-object --enable-linker-build-id --enable-lto --enable-plugin --enable-install-libiberty --with-linker-hash-style=gnu --enable-gnu-indirect-function --disable-multilib --disable-werror --enable-checking=release --enable-default-pie --enable-default-ssp
Thread model: posix
gcc version 7.2.0 (GCC) 
COMPILER_PATH=/usr/lib/gcc/x86_64-pc-linux-gnu/7.2.0/:/usr/lib/gcc/x86_64-pc-linux-gnu/7.2.0/:/usr/lib/gcc/x86_64-pc-linux-gnu/:/usr/lib/gcc/x86_64-pc-linux-gnu/7.2.0/:/usr/lib/gcc/x86_64-pc-linux-gnu/
LIBRARY_PATH=/usr/lib/gcc/x86_64-pc-linux-gnu/7.2.0/:/usr/lib/gcc/x86_64-pc-linux-gnu/7.2.0/../../../../lib/:/lib/../lib/:/usr/lib/../lib/:/usr/lib/gcc/x86_64-pc-linux-gnu/7.2.0/../../../:/lib/:/usr/lib/
COLLECT_GCC_OPTIONS='-v' '-rdynamic' '-o' 'cmTC_b1ac4' '-mtune=generic' '-march=x86-64'
 /usr/lib/gcc/x86_64-pc-linux-gnu/7.2.0/collect2 -plugin /usr/lib/gcc/x86_64-pc-linux-gnu/7.2.0/liblto_plugin.so -plugin-opt=/usr/lib/gcc/x86_64-pc-linux-gnu/7.2.0/lto-wrapper -plugin-opt=-fresolution=/tmp/ccEPz8Rh.res -plugin-opt=-pass-through=-lgcc -plugin-opt=-pass-through=-lgcc_s -plugin-opt=-pass-through=-lc -plugin-opt=-pass-through=-lgcc -plugin-opt=-pass-through=-lgcc_s --build-id --eh-frame-hdr --hash-style=gnu -m elf_x86_64 -export-dynamic -dynamic-linker /lib64/ld-linux-x86-64.so.2 -pie -o cmTC_b1ac4 /usr/lib/gcc/x86_64-pc-linux-gnu/7.2.0/../../../../lib/Scrt1.o /usr/lib/gcc/x86_64-pc-linux-gnu/7.2.0/../../../../lib/crti.o /usr/lib/gcc/x86_64-pc-linux-gnu/7.2.0/crtbeginS.o -L/usr/lib/gcc/x86_64-pc-linux-gnu/7.2.0 -L/usr/lib/gcc/x86_64-pc-linux-gnu/7.2.0/../../../../lib -L/lib/../lib -L/usr/lib/../lib -L/usr/lib/gcc/x86_64-pc-linux-gnu/7.2.0/../../.. CMakeFiles/cmTC_b1ac4.dir/CMakeCCompilerABI.c.o -lgcc --as-needed -lgcc_s --no-as-needed -lc -lgcc --as-needed -lgcc_s --no-as-needed /usr/lib/gcc/x86_64-pc-linux-gnu/7.2.0/crtendS.o /usr/lib/gcc/x86_64-pc-linux-gnu/7.2.0/../../../../lib/crtn.o
COLLECT_GCC_OPTIONS='-v' '-rdynamic' '-o' 'cmTC_b1ac4' '-mtune=generic' '-march=x86-64'
make[1]: Leaving directory '/computer-vision-bootcamp/modules/sort/make/CMakeFiles/CMakeTmp'


Parsed C implicit link information from above output:
  link line regex: [^( *|.*[/\])(ld|CMAKE_LINK_STARTFILE-NOTFOUND|([^/\]+-)?ld|collect2)[^/\]*( |$)]
  ignore line: [Change Dir: /computer-vision-bootcamp/modules/sort/make/CMakeFiles/CMakeTmp]
  ignore line: []
  ignore line: [Run Build Command:"/usr/sbin/make" "cmTC_b1ac4/fast"]
  ignore line: [/usr/sbin/make -f CMakeFiles/cmTC_b1ac4.dir/build.make CMakeFiles/cmTC_b1ac4.dir/build]
  ignore line: [make[1]: Entering directory '/computer-vision-bootcamp/modules/sort/make/CMakeFiles/CMakeTmp']
  ignore line: [Building C object CMakeFiles/cmTC_b1ac4.dir/CMakeCCompilerABI.c.o]
  ignore line: [/usr/sbin/cc    -o CMakeFiles/cmTC_b1ac4.dir/CMakeCCompilerABI.c.o   -c /usr/share/cmake-3.9/Modules/CMakeCCompilerABI.c]
  ignore line: [Linking C executable cmTC_b1ac4]
  ignore line: [/usr/bin/cmake -E cmake_link_script CMakeFiles/cmTC_b1ac4.dir/link.txt --verbose=1]
  ignore line: [/usr/sbin/cc     -v -rdynamic CMakeFiles/cmTC_b1ac4.dir/CMakeCCompilerABI.c.o  -o cmTC_b1ac4 ]
  ignore line: [Using built-in specs.]
  ignore line: [COLLECT_GCC=/usr/sbin/cc]
  ignore line: [COLLECT_LTO_WRAPPER=/usr/lib/gcc/x86_64-pc-linux-gnu/7.2.0/lto-wrapper]
  ignore line: [Target: x86_64-pc-linux-gnu]
  ignore line: [Configured with: /build/gcc/src/gcc/configure --prefix=/usr --libdir=/usr/lib --libexecdir=/usr/lib --mandir=/usr/share/man --infodir=/usr/share/info --with-bugurl=https://bugs.archlinux.org/ --enable-languages=c,c++,ada,fortran,go,lto,objc,obj-c++ --enable-shared --enable-threads=posix --enable-libmpx --with-system-zlib --with-isl --enable-__cxa_atexit --disable-libunwind-exceptions --enable-clocale=gnu --disable-libstdcxx-pch --disable-libssp --enable-gnu-unique-object --enable-linker-build-id --enable-lto --enable-plugin --enable-install-libiberty --with-linker-hash-style=gnu --enable-gnu-indirect-function --disable-multilib --disable-werror --enable-checking=release --enable-default-pie --enable-default-ssp]
  ignore line: [Thread model: posix]
  ignore line: [gcc version 7.2.0 (GCC) ]
  ignore line: [COMPILER_PATH=/usr/lib/gcc/x86_64-pc-linux-gnu/7.2.0/:/usr/lib/gcc/x86_64-pc-linux-gnu/7.2.0/:/usr/lib/gcc/x86_64-pc-linux-gnu/:/usr/lib/gcc/x86_64-pc-linux-gnu/7.2.0/:/usr/lib/gcc/x86_64-pc-linux-gnu/]
  ignore line: [LIBRARY_PATH=/usr/lib/gcc/x86_64-pc-linux-gnu/7.2.0/:/usr/lib/gcc/x86_64-pc-linux-gnu/7.2.0/../../../../lib/:/lib/../lib/:/usr/lib/../lib/:/usr/lib/gcc/x86_64-pc-linux-gnu/7.2.0/../../../:/lib/:/usr/lib/]
  ignore line: [COLLECT_GCC_OPTIONS='-v' '-rdynamic' '-o' 'cmTC_b1ac4' '-mtune=generic' '-march=x86-64']
  link line: [ /usr/lib/gcc/x86_64-pc-linux-gnu/7.2.0/collect2 -plugin /usr/lib/gcc/x86_64-pc-linux-gnu/7.2.0/liblto_plugin.so -plugin-opt=/usr/lib/gcc/x86_64-pc-linux-gnu/7.2.0/lto-wrapper -plugin-opt=-fresolution=/tmp/ccEPz8Rh.res -plugin-opt=-pass-through=-lgcc -plugin-opt=-pass-through=-lgcc_s -plugin-opt=-pass-through=-lc -plugin-opt=-pass-through=-lgcc -plugin-opt=-pass-through=-lgcc_s --build-id --eh-frame-hdr --hash-style=gnu -m elf_x86_64 -export-dynamic -dynamic-linker /lib64/ld-linux-x86-64.so.2 -pie -o cmTC_b1ac4 /usr/lib/gcc/x86_64-pc-linux-gnu/7.2.0/../../../../lib/Scrt1.o /usr/lib/gcc/x86_64-pc-linux-gnu/7.2.0/../../../../lib/crti.o /usr/lib/gcc/x86_64-pc-linux-gnu/7.2.0/crtbeginS.o -L/usr/lib/gcc/x86_64-pc-linux-gnu/7.2.0 -L/usr/lib/gcc/x86_64-pc-linux-gnu/7.2.0/../../../../lib -L/lib/../lib -L/usr/lib/../lib -L/usr/lib/gcc/x86_64-pc-linux-gnu/7.2.0/../../.. CMakeFiles/cmTC_b1ac4.dir/CMakeCCompilerABI.c.o -lgcc --as-needed -lgcc_s --no-as-needed -lc -lgcc --as-needed -lgcc_s --no-as-needed /usr/lib/gcc/x86_64-pc-linux-gnu/7.2.0/crtendS.o /usr/lib/gcc/x86_64-pc-linux-gnu/7.2.0/../../../../lib/crtn.o]
    arg [/usr/lib/gcc/x86_64-pc-linux-gnu/7.2.0/collect2] ==> ignore
    arg [-plugin] ==> ignore
    arg [/usr/lib/gcc/x86_64-pc-linux-gnu/7.2.0/liblto_plugin.so] ==> ignore
    arg [-plugin-opt=/usr/lib/gcc/x86_64-pc-linux-gnu/7.2.0/lto-wrapper] ==> ignore
    arg [-plugin-opt=-fresolution=/tmp/ccEPz8Rh.res] ==> ignore
    arg [-plugin-opt=-pass-through=-lgcc] ==> ignore
    arg [-plugin-opt=-pass-through=-lgcc_s] ==> ignore
    arg [-plugin-opt=-pass-through=-lc] ==> ignore
    arg [-plugin-opt=-pass-through=-lgcc] ==> ignore
    arg [-plugin-opt=-pass-through=-lgcc_s] ==> ignore
    arg [--build-id] ==> ignore
    arg [--eh-frame-hdr] ==> ignore
    arg [--hash-style=gnu] ==> ignore
    arg [-m] ==> ignore
    arg [elf_x86_64] ==> ignore
    arg [-export-dynamic] ==> ignore
    arg [-dynamic-linker] ==> ignore
    arg [/lib64/ld-linux-x86-64.so.2] ==> ignore
    arg [-pie] ==> ignore
    arg [-o] ==> ignore
    arg [cmTC_b1ac4] ==> ignore
    arg [/usr/lib/gcc/x86_64-pc-linux-gnu/7.2.0/../../../../lib/Scrt1.o] ==> ignore
    arg [/usr/lib/gcc/x86_64-pc-linux-gnu/7.2.0/../../../../lib/crti.o] ==> ignore
    arg [/usr/lib/gcc/x86_64-pc-linux-gnu/7.2.0/crtbeginS.o] ==> ignore
    arg [-L/usr/lib/gcc/x86_64-pc-linux-gnu/7.2.0] ==> dir [/usr/lib/gcc/x86_64-pc-linux-gnu/7.2.0]
    arg [-L/usr/lib/gcc/x86_64-pc-linux-gnu/7.2.0/../../../../lib] ==> dir [/usr/lib/gcc/x86_64-pc-linux-gnu/7.2.0/../../../../lib]
    arg [-L/lib/../lib] ==> dir [/lib/../lib]
    arg [-L/usr/lib/../lib] ==> dir [/usr/lib/../lib]
    arg [-L/usr/lib/gcc/x86_64-pc-linux-gnu/7.2.0/../../..] ==> dir [/usr/lib/gcc/x86_64-pc-linux-gnu/7.2.0/../../..]
    arg [CMakeFiles/cmTC_b1ac4.dir/CMakeCCompilerABI.c.o] ==> ignore
    arg [-lgcc] ==> lib [gcc]
    arg [--as-needed] ==> ignore
    arg [-lgcc_s] ==> lib [gcc_s]
    arg [--no-as-needed] ==> ignore
    arg [-lc] ==> lib [c]
    arg [-lgcc] ==> lib [gcc]
    arg [--as-needed] ==> ignore
    arg [-lgcc_s] ==> lib [gcc_s]
    arg [--no-as-needed] ==> ignore
    arg [/usr/lib/gcc/x86_64-pc-linux-gnu/7.2.0/crtendS.o] ==> ignore
    arg [/usr/lib/gcc/x86_64-pc-linux-gnu/7.2.0/../../../../lib/crtn.o] ==> ignore
  collapse library dir [/usr/lib/gcc/x86_64-pc-linux-gnu/7.2.0] ==> [/usr/lib/gcc/x86_64-pc-linux-gnu/7.2.0]
  collapse library dir [/usr/lib/gcc/x86_64-pc-linux-gnu/7.2.0/../../../../lib] ==> [/usr/lib]
  collapse library dir [/lib/../lib] ==> [/lib]
  collapse library dir [/usr/lib/../lib] ==> [/usr/lib]
  collapse library dir [/usr/lib/gcc/x86_64-pc-linux-gnu/7.2.0/../../..] ==> [/usr/lib]
  implicit libs: [gcc;gcc_s;c;gcc;gcc_s]
  implicit dirs: [/usr/lib/gcc/x86_64-pc-linux-gnu/7.2.0;/usr/lib;/lib]
  implicit fwks: []




Detecting C [-std=c11] compiler features compiled with the following output:
Change Dir: /computer-vision-bootcamp/modules/sort/make/CMakeFiles/CMakeTmp

Run Build Command:"/usr/sbin/make" "cmTC_55588/fast"
/usr/sbin/make -f CMakeFiles/cmTC_55588.dir/build.make CMakeFiles/cmTC_55588.dir/build
make[1]: Entering directory '/computer-vision-bootcamp/modules/sort/make/CMakeFiles/CMakeTmp'
Building C object CMakeFiles/cmTC_55588.dir/feature_tests.c.o
/usr/sbin/cc   -std=c11 -o CMakeFiles/cmTC_55588.dir/feature_tests.c.o   -c /computer-vision-bootcamp/modules/sort/make/CMakeFiles/feature_tests.c
Linking C executable cmTC_55588
/usr/bin/cmake -E cmake_link_script CMakeFiles/cmTC_55588.dir/link.txt --verbose=1
/usr/sbin/cc      -rdynamic CMakeFiles/cmTC_55588.dir/feature_tests.c.o  -o cmTC_55588 
make[1]: Leaving directory '/computer-vision-bootcamp/modules/sort/make/CMakeFiles/CMakeTmp'


    Feature record: C_FEATURE:1c_function_prototypes
    Feature record: C_FEATURE:1c_restrict
    Feature record: C_FEATURE:1c_static_assert
    Feature record: C_FEATURE:1c_variadic_macros


Detecting C [-std=c99] compiler features compiled with the following output:
Change Dir: /computer-vision-bootcamp/modules/sort/make/CMakeFiles/CMakeTmp

Run Build Command:"/usr/sbin/make" "cmTC_c5580/fast"
/usr/sbin/make -f CMakeFiles/cmTC_c5580.dir/build.make CMakeFiles/cmTC_c5580.dir/build
make[1]: Entering directory '/computer-vision-bootcamp/modules/sort/make/CMakeFiles/CMakeTmp'
Building C object CMakeFiles/cmTC_c5580.dir/feature_tests.c.o
/usr/sbin/cc   -std=c99 -o CMakeFiles/cmTC_c5580.dir/feature_tests.c.o   -c /computer-vision-bootcamp/modules/sort/make/CMakeFiles/feature_tests.c
Linking C executable cmTC_c5580
/usr/bin/cmake -E cmake_link_script CMakeFiles/cmTC_c5580.dir/link.txt --verbose=1
/usr/sbin/cc      -rdynamic CMakeFiles/cmTC_c5580.dir/feature_tests.c.o  -o cmTC_c5580 
make[1]: Leaving directory '/computer-vision-bootcamp/modules/sort/make/CMakeFiles/CMakeTmp'


    Feature record: C_FEATURE:1c_function_prototypes
    Feature record: C_FEATURE:1c_restrict
    Feature record: C_FEATURE:0c_static_assert
    Feature record: C_FEATURE:1c_variadic_macros


Detecting C [-std=c90] compiler features compiled with the following output:
Change Dir: /computer-vision-bootcamp/modules/sort/make/CMakeFiles/CMakeTmp

Run Build Command:"/usr/sbin/make" "cmTC_47027/fast"
/usr/sbin/make -f CMakeFiles/cmTC_47027.dir/build.make CMakeFiles/cmTC_47027.dir/build
make[1]: Entering directory '/computer-vision-bootcamp/modules/sort/make/CMakeFiles/CMakeTmp'
Building C object CMakeFiles/cmTC_47027.dir/feature_tests.c.o
/usr/sbin/cc   -std=c90 -o CMakeFiles/cmTC_47027.dir/feature_tests.c.o   -c /computer-vision-bootcamp/modules/sort/make/CMakeFiles/feature_tests.c
Linking C executable cmTC_47027
/usr/bin/cmake -E cmake_link_script CMakeFiles/cmTC_47027.dir/link.txt --verbose=1
/usr/sbin/cc      -rdynamic CMakeFiles/cmTC_47027.dir/feature_tests.c.o  -o cmTC_47027 
make[1]: Leaving directory '/computer-vision-bootcamp/modules/sort/make/CMakeFiles/CMakeTmp'


    Feature record: C_FEATURE:1c_function_prototypes
    Feature record: C_FEATURE:0c_restrict
    Feature record: C_FEATURE:0c_static_assert
    Feature record: C_FEATURE:0c_variadic_macros
Determining if the CXX compiler works passed with the following output:
Change Dir: /computer-vision-bootcamp/modules/sort/make/CMakeFiles/CMakeTmp

Run Build Command:"/usr/sbin/make" "cmTC_3687b/fast"
/usr/sbin/make -f CMakeFiles/cmTC_3687b.dir/build.make CMakeFiles/cmTC_3687b.dir/build
make[1]: Entering directory '/computer-vision-bootcamp/modules/sort/make/CMakeFiles/CMakeTmp'
Building CXX object CMakeFiles/cmTC_3687b.dir/testCXXCompiler.cxx.o
/usr/sbin/c++     -o CMakeFiles/cmTC_3687b.dir/testCXXCompiler.cxx.o -c /computer-vision-bootcamp/modules/sort/make/CMakeFiles/CMakeTmp/testCXXCompiler.cxx
Linking CXX executable cmTC_3687b
/usr/bin/cmake -E cmake_link_script CMakeFiles/cmTC_3687b.dir/link.txt --verbose=1
/usr/sbin/c++       -rdynamic CMakeFiles/cmTC_3687b.dir/testCXXCompiler.cxx.o  -o cmTC_3687b 
make[1]: Leaving directory '/computer-vision-bootcamp/modules/sort/make/CMakeFiles/CMakeTmp'


Detecting CXX compiler ABI info compiled with the following output:
Change Dir: /computer-vision-bootcamp/modules/sort/make/CMakeFiles/CMakeTmp

Run Build Command:"/usr/sbin/make" "cmTC_ad619/fast"
/usr/sbin/make -f CMakeFiles/cmTC_ad619.dir/build.make CMakeFiles/cmTC_ad619.dir/build
make[1]: Entering directory '/computer-vision-bootcamp/modules/sort/make/CMakeFiles/CMakeTmp'
Building CXX object CMakeFiles/cmTC_ad619.dir/CMakeCXXCompilerABI.cpp.o
/usr/sbin/c++     -o CMakeFiles/cmTC_ad619.dir/CMakeCXXCompilerABI.cpp.o -c /usr/share/cmake-3.9/Modules/CMakeCXXCompilerABI.cpp
Linking CXX executable cmTC_ad619
/usr/bin/cmake -E cmake_link_script CMakeFiles/cmTC_ad619.dir/link.txt --verbose=1
/usr/sbin/c++      -v -rdynamic CMakeFiles/cmTC_ad619.dir/CMakeCXXCompilerABI.cpp.o  -o cmTC_ad619 
Using built-in specs.
COLLECT_GCC=/usr/sbin/c++
COLLECT_LTO_WRAPPER=/usr/lib/gcc/x86_64-pc-linux-gnu/7.2.0/lto-wrapper
Target: x86_64-pc-linux-gnu
Configured with: /build/gcc/src/gcc/configure --prefix=/usr --libdir=/usr/lib --libexecdir=/usr/lib --mandir=/usr/share/man --infodir=/usr/share/info --with-bugurl=https://bugs.archlinux.org/ --enable-languages=c,c++,ada,fortran,go,lto,objc,obj-c++ --enable-shared --enable-threads=posix --enable-libmpx --with-system-zlib --with-isl --enable-__cxa_atexit --disable-libunwind-exceptions --enable-clocale=gnu --disable-libstdcxx-pch --disable-libssp --enable-gnu-unique-object --enable-linker-build-id --enable-lto --enable-plugin --enable-install-libiberty --with-linker-hash-style=gnu --enable-gnu-indirect-function --disable-multilib --disable-werror --enable-checking=release --enable-default-pie --enable-default-ssp
Thread model: posix
gcc version 7.2.0 (GCC) 
COMPILER_PATH=/usr/lib/gcc/x86_64-pc-linux-gnu/7.2.0/:/usr/lib/gcc/x86_64-pc-linux-gnu/7.2.0/:/usr/lib/gcc/x86_64-pc-linux-gnu/:/usr/lib/gcc/x86_64-pc-linux-gnu/7.2.0/:/usr/lib/gcc/x86_64-pc-linux-gnu/
LIBRARY_PATH=/usr/lib/gcc/x86_64-pc-linux-gnu/7.2.0/:/usr/lib/gcc/x86_64-pc-linux-gnu/7.2.0/../../../../lib/:/lib/../lib/:/usr/lib/../lib/:/usr/lib/gcc/x86_64-pc-linux-gnu/7.2.0/../../../:/lib/:/usr/lib/
COLLECT_GCC_OPTIONS='-v' '-rdynamic' '-o' 'cmTC_ad619' '-shared-libgcc' '-mtune=generic' '-march=x86-64'
 /usr/lib/gcc/x86_64-pc-linux-gnu/7.2.0/collect2 -plugin /usr/lib/gcc/x86_64-pc-linux-gnu/7.2.0/liblto_plugin.so -plugin-opt=/usr/lib/gcc/x86_64-pc-linux-gnu/7.2.0/lto-wrapper -plugin-opt=-fresolution=/tmp/ccEMsyyF.res -plugin-opt=-pass-through=-lgcc_s -plugin-opt=-pass-through=-lgcc -plugin-opt=-pass-through=-lc -plugin-opt=-pass-through=-lgcc_s -plugin-opt=-pass-through=-lgcc --build-id --eh-frame-hdr --hash-style=gnu -m elf_x86_64 -export-dynamic -dynamic-linker /lib64/ld-linux-x86-64.so.2 -pie -o cmTC_ad619 /usr/lib/gcc/x86_64-pc-linux-gnu/7.2.0/../../../../lib/Scrt1.o /usr/lib/gcc/x86_64-pc-linux-gnu/7.2.0/../../../../lib/crti.o /usr/lib/gcc/x86_64-pc-linux-gnu/7.2.0/crtbeginS.o -L/usr/lib/gcc/x86_64-pc-linux-gnu/7.2.0 -L/usr/lib/gcc/x86_64-pc-linux-gnu/7.2.0/../../../../lib -L/lib/../lib -L/usr/lib/../lib -L/usr/lib/gcc/x86_64-pc-linux-gnu/7.2.0/../../.. CMakeFiles/cmTC_ad619.dir/CMakeCXXCompilerABI.cpp.o -lstdc++ -lm -lgcc_s -lgcc -lc -lgcc_s -lgcc /usr/lib/gcc/x86_64-pc-linux-gnu/7.2.0/crtendS.o /usr/lib/gcc/x86_64-pc-linux-gnu/7.2.0/../../../../lib/crtn.o
COLLECT_GCC_OPTIONS='-v' '-rdynamic' '-o' 'cmTC_ad619' '-shared-libgcc' '-mtune=generic' '-march=x86-64'
make[1]: Leaving directory '/computer-vision-bootcamp/modules/sort/make/CMakeFiles/CMakeTmp'


Parsed CXX implicit link information from above output:
  link line regex: [^( *|.*[/\])(ld|CMAKE_LINK_STARTFILE-NOTFOUND|([^/\]+-)?ld|collect2)[^/\]*( |$)]
  ignore line: [Change Dir: /computer-vision-bootcamp/modules/sort/make/CMakeFiles/CMakeTmp]
  ignore line: []
  ignore line: [Run Build Command:"/usr/sbin/make" "cmTC_ad619/fast"]
  ignore line: [/usr/sbin/make -f CMakeFiles/cmTC_ad619.dir/build.make CMakeFiles/cmTC_ad619.dir/build]
  ignore line: [make[1]: Entering directory '/computer-vision-bootcamp/modules/sort/make/CMakeFiles/CMakeTmp']
  ignore line: [Building CXX object CMakeFiles/cmTC_ad619.dir/CMakeCXXCompilerABI.cpp.o]
  ignore line: [/usr/sbin/c++     -o CMakeFiles/cmTC_ad619.dir/CMakeCXXCompilerABI.cpp.o -c /usr/share/cmake-3.9/Modules/CMakeCXXCompilerABI.cpp]
  ignore line: [Linking CXX executable cmTC_ad619]
  ignore line: [/usr/bin/cmake -E cmake_link_script CMakeFiles/cmTC_ad619.dir/link.txt --verbose=1]
  ignore line: [/usr/sbin/c++      -v -rdynamic CMakeFiles/cmTC_ad619.dir/CMakeCXXCompilerABI.cpp.o  -o cmTC_ad619 ]
  ignore line: [Using built-in specs.]
  ignore line: [COLLECT_GCC=/usr/sbin/c++]
  ignore line: [COLLECT_LTO_WRAPPER=/usr/lib/gcc/x86_64-pc-linux-gnu/7.2.0/lto-wrapper]
  ignore line: [Target: x86_64-pc-linux-gnu]
  ignore line: [Configured with: /build/gcc/src/gcc/configure --prefix=/usr --libdir=/usr/lib --libexecdir=/usr/lib --mandir=/usr/share/man --infodir=/usr/share/info --with-bugurl=https://bugs.archlinux.org/ --enable-languages=c,c++,ada,fortran,go,lto,objc,obj-c++ --enable-shared --enable-threads=posix --enable-libmpx --with-system-zlib --with-isl --enable-__cxa_atexit --disable-libunwind-exceptions --enable-clocale=gnu --disable-libstdcxx-pch --disable-libssp --enable-gnu-unique-object --enable-linker-build-id --enable-lto --enable-plugin --enable-install-libiberty --with-linker-hash-style=gnu --enable-gnu-indirect-function --disable-multilib --disable-werror --enable-checking=release --enable-default-pie --enable-default-ssp]
  ignore line: [Thread model: posix]
  ignore line: [gcc version 7.2.0 (GCC) ]
  ignore line: [COMPILER_PATH=/usr/lib/gcc/x86_64-pc-linux-gnu/7.2.0/:/usr/lib/gcc/x86_64-pc-linux-gnu/7.2.0/:/usr/lib/gcc/x86_64-pc-linux-gnu/:/usr/lib/gcc/x86_64-pc-linux-gnu/7.2.0/:/usr/lib/gcc/x86_64-pc-linux-gnu/]
  ignore line: [LIBRARY_PATH=/usr/lib/gcc/x86_64-pc-linux-gnu/7.2.0/:/usr/lib/gcc/x86_64-pc-linux-gnu/7.2.0/../../../../lib/:/lib/../lib/:/usr/lib/../lib/:/usr/lib/gcc/x86_64-pc-linux-gnu/7.2.0/../../../:/lib/:/usr/lib/]
  ignore line: [COLLECT_GCC_OPTIONS='-v' '-rdynamic' '-o' 'cmTC_ad619' '-shared-libgcc' '-mtune=generic' '-march=x86-64']
  link line: [ /usr/lib/gcc/x86_64-pc-linux-gnu/7.2.0/collect2 -plugin /usr/lib/gcc/x86_64-pc-linux-gnu/7.2.0/liblto_plugin.so -plugin-opt=/usr/lib/gcc/x86_64-pc-linux-gnu/7.2.0/lto-wrapper -plugin-opt=-fresolution=/tmp/ccEMsyyF.res -plugin-opt=-pass-through=-lgcc_s -plugin-opt=-pass-through=-lgcc -plugin-opt=-pass-through=-lc -plugin-opt=-pass-through=-lgcc_s -plugin-opt=-pass-through=-lgcc --build-id --eh-frame-hdr --hash-style=gnu -m elf_x86_64 -export-dynamic -dynamic-linker /lib64/ld-linux-x86-64.so.2 -pie -o cmTC_ad619 /usr/lib/gcc/x86_64-pc-linux-gnu/7.2.0/../../../../lib/Scrt1.o /usr/lib/gcc/x86_64-pc-linux-gnu/7.2.0/../../../../lib/crti.o /usr/lib/gcc/x86_64-pc-linux-gnu/7.2.0/crtbeginS.o -L/usr/lib/gcc/x86_64-pc-linux-gnu/7.2.0 -L/usr/lib/gcc/x86_64-pc-linux-gnu/7.2.0/../../../../lib -L/lib/../lib -L/usr/lib/../lib -L/usr/lib/gcc/x86_64-pc-linux-gnu/7.2.0/../../.. CMakeFiles/cmTC_ad619.dir/CMakeCXXCompilerABI.cpp.o -lstdc++ -lm -lgcc_s -lgcc -lc -lgcc_s -lgcc /usr/lib/gcc/x86_64-pc-linux-gnu/7.2.0/crtendS.o /usr/lib/gcc/x86_64-pc-linux-gnu/7.2.0/../../../../lib/crtn.o]
    arg [/usr/lib/gcc/x86_64-pc-linux-gnu/7.2.0/collect2] ==> ignore
    arg [-plugin] ==> ignore
    arg [/usr/lib/gcc/x86_64-pc-linux-gnu/7.2.0/liblto_plugin.so] ==> ignore
    arg [-plugin-opt=/usr/lib/gcc/x86_64-pc-linux-gnu/7.2.0/lto-wrapper] ==> ignore
    arg [-plugin-opt=-fresolution=/tmp/ccEMsyyF.res] ==> ignore
    arg [-plugin-opt=-pass-through=-lgcc_s] ==> ignore
    arg [-plugin-opt=-pass-through=-lgcc] ==> ignore
    arg [-plugin-opt=-pass-through=-lc] ==> ignore
    arg [-plugin-opt=-pass-through=-lgcc_s] ==> ignore
    arg [-plugin-opt=-pass-through=-lgcc] ==> ignore
    arg [--build-id] ==> ignore
    arg [--eh-frame-hdr] ==> ignore
    arg [--hash-style=gnu] ==> ignore
    arg [-m] ==> ignore
    arg [elf_x86_64] ==> ignore
    arg [-export-dynamic] ==> ignore
    arg [-dynamic-linker] ==> ignore
    arg [/lib64/ld-linux-x86-64.so.2] ==> ignore
    arg [-pie] ==> ignore
    arg [-o] ==> ignore
    arg [cmTC_ad619] ==> ignore
    arg [/usr/lib/gcc/x86_64-pc-linux-gnu/7.2.0/../../../../lib/Scrt1.o] ==> ignore
    arg [/usr/lib/gcc/x86_64-pc-linux-gnu/7.2.0/../../../../lib/crti.o] ==> ignore
    arg [/usr/lib/gcc/x86_64-pc-linux-gnu/7.2.0/crtbeginS.o] ==> ignore
    arg [-L/usr/lib/gcc/x86_64-pc-linux-gnu/7.2.0] ==> dir [/usr/lib/gcc/x86_64-pc-linux-gnu/7.2.0]
    arg [-L/usr/lib/gcc/x86_64-pc-linux-gnu/7.2.0/../../../../lib] ==> dir [/usr/lib/gcc/x86_64-pc-linux-gnu/7.2.0/../../../../lib]
    arg [-L/lib/../lib] ==> dir [/lib/../lib]
    arg [-L/usr/lib/../lib] ==> dir [/usr/lib/../lib]
    arg [-L/usr/lib/gcc/x86_64-pc-linux-gnu/7.2.0/../../..] ==> dir [/usr/lib/gcc/x86_64-pc-linux-gnu/7.2.0/../../..]
    arg [CMakeFiles/cmTC_ad619.dir/CMakeCXXCompilerABI.cpp.o] ==> ignore
    arg [-lstdc++] ==> lib [stdc++]
    arg [-lm] ==> lib [m]
    arg [-lgcc_s] ==> lib [gcc_s]
    arg [-lgcc] ==> lib [gcc]
    arg [-lc] ==> lib [c]
    arg [-lgcc_s] ==> lib [gcc_s]
    arg [-lgcc] ==> lib [gcc]
    arg [/usr/lib/gcc/x86_64-pc-linux-gnu/7.2.0/crtendS.o] ==> ignore
    arg [/usr/lib/gcc/x86_64-pc-linux-gnu/7.2.0/../../../../lib/crtn.o] ==> ignore
  collapse library dir [/usr/lib/gcc/x86_64-pc-linux-gnu/7.2.0] ==> [/usr/lib/gcc/x86_64-pc-linux-gnu/7.2.0]
  collapse library dir [/usr/lib/gcc/x86_64-pc-linux-gnu/7.2.0/../../../../lib] ==> [/usr/lib]
  collapse library dir [/lib/../lib] ==> [/lib]
  collapse library dir [/usr/lib/../lib] ==> [/usr/lib]
  collapse library dir [/usr/lib/gcc/x86_64-pc-linux-gnu/7.2.0/../../..] ==> [/usr/lib]
  implicit libs: [stdc++;m;gcc_s;gcc;c;gcc_s;gcc]
  implicit dirs: [/usr/lib/gcc/x86_64-pc-linux-gnu/7.2.0;/usr/lib;/lib]
  implicit fwks: []




Detecting CXX [-std=c++1z] compiler features compiled with the following output:
Change Dir: /computer-vision-bootcamp/modules/sort/make/CMakeFiles/CMakeTmp

Run Build Command:"/usr/sbin/make" "cmTC_a6c84/fast"
/usr/sbin/make -f CMakeFiles/cmTC_a6c84.dir/build.make CMakeFiles/cmTC_a6c84.dir/build
make[1]: Entering directory '/computer-vision-bootcamp/modules/sort/make/CMakeFiles/CMakeTmp'
Building CXX object CMakeFiles/cmTC_a6c84.dir/feature_tests.cxx.o
/usr/sbin/c++    -std=c++1z -o CMakeFiles/cmTC_a6c84.dir/feature_tests.cxx.o -c /computer-vision-bootcamp/modules/sort/make/CMakeFiles/feature_tests.cxx
Linking CXX executable cmTC_a6c84
/usr/bin/cmake -E cmake_link_script CMakeFiles/cmTC_a6c84.dir/link.txt --verbose=1
/usr/sbin/c++       -rdynamic CMakeFiles/cmTC_a6c84.dir/feature_tests.cxx.o  -o cmTC_a6c84 
make[1]: Leaving directory '/computer-vision-bootcamp/modules/sort/make/CMakeFiles/CMakeTmp'


    Feature record: CXX_FEATURE:1cxx_aggregate_default_initializers
    Feature record: CXX_FEATURE:1cxx_alias_templates
    Feature record: CXX_FEATURE:1cxx_alignas
    Feature record: CXX_FEATURE:1cxx_alignof
    Feature record: CXX_FEATURE:1cxx_attributes
    Feature record: CXX_FEATURE:1cxx_attribute_deprecated
    Feature record: CXX_FEATURE:1cxx_auto_type
    Feature record: CXX_FEATURE:1cxx_binary_literals
    Feature record: CXX_FEATURE:1cxx_constexpr
    Feature record: CXX_FEATURE:1cxx_contextual_conversions
    Feature record: CXX_FEATURE:1cxx_decltype
    Feature record: CXX_FEATURE:1cxx_decltype_auto
    Feature record: CXX_FEATURE:1cxx_decltype_incomplete_return_types
    Feature record: CXX_FEATURE:1cxx_default_function_template_args
    Feature record: CXX_FEATURE:1cxx_defaulted_functions
    Feature record: CXX_FEATURE:1cxx_defaulted_move_initializers
    Feature record: CXX_FEATURE:1cxx_delegating_constructors
    Feature record: CXX_FEATURE:1cxx_deleted_functions
    Feature record: CXX_FEATURE:1cxx_digit_separators
    Feature record: CXX_FEATURE:1cxx_enum_forward_declarations
    Feature record: CXX_FEATURE:1cxx_explicit_conversions
    Feature record: CXX_FEATURE:1cxx_extended_friend_declarations
    Feature record: CXX_FEATURE:1cxx_extern_templates
    Feature record: CXX_FEATURE:1cxx_final
    Feature record: CXX_FEATURE:1cxx_func_identifier
    Feature record: CXX_FEATURE:1cxx_generalized_initializers
    Feature record: CXX_FEATURE:1cxx_generic_lambdas
    Feature record: CXX_FEATURE:1cxx_inheriting_constructors
    Feature record: CXX_FEATURE:1cxx_inline_namespaces
    Feature record: CXX_FEATURE:1cxx_lambdas
    Feature record: CXX_FEATURE:1cxx_lambda_init_captures
    Feature record: CXX_FEATURE:1cxx_local_type_template_args
    Feature record: CXX_FEATURE:1cxx_long_long_type
    Feature record: CXX_FEATURE:1cxx_noexcept
    Feature record: CXX_FEATURE:1cxx_nonstatic_member_init
    Feature record: CXX_FEATURE:1cxx_nullptr
    Feature record: CXX_FEATURE:1cxx_override
    Feature record: CXX_FEATURE:1cxx_range_for
    Feature record: CXX_FEATURE:1cxx_raw_string_literals
    Feature record: CXX_FEATURE:1cxx_reference_qualified_functions
    Feature record: CXX_FEATURE:1cxx_relaxed_constexpr
    Feature record: CXX_FEATURE:1cxx_return_type_deduction
    Feature record: CXX_FEATURE:1cxx_right_angle_brackets
    Feature record: CXX_FEATURE:1cxx_rvalue_references
    Feature record: CXX_FEATURE:1cxx_sizeof_member
    Feature record: CXX_FEATURE:1cxx_static_assert
    Feature record: CXX_FEATURE:1cxx_strong_enums
    Feature record: CXX_FEATURE:1cxx_template_template_parameters
    Feature record: CXX_FEATURE:1cxx_thread_local
    Feature record: CXX_FEATURE:1cxx_trailing_return_types
    Feature record: CXX_FEATURE:1cxx_unicode_literals
    Feature record: CXX_FEATURE:1cxx_uniform_initialization
    Feature record: CXX_FEATURE:1cxx_unrestricted_unions
    Feature record: CXX_FEATURE:1cxx_user_literals
    Feature record: CXX_FEATURE:1cxx_variable_templates
    Feature record: CXX_FEATURE:1cxx_variadic_macros
    Feature record: CXX_FEATURE:1cxx_variadic_templates


Detecting CXX [-std=c++14] compiler features compiled with the following output:
Change Dir: /computer-vision-bootcamp/modules/sort/make/CMakeFiles/CMakeTmp

Run Build Command:"/usr/sbin/make" "cmTC_13625/fast"
/usr/sbin/make -f CMakeFiles/cmTC_13625.dir/build.make CMakeFiles/cmTC_13625.dir/build
make[1]: Entering directory '/computer-vision-bootcamp/modules/sort/make/CMakeFiles/CMakeTmp'
Building CXX object CMakeFiles/cmTC_13625.dir/feature_tests.cxx.o
/usr/sbin/c++    -std=c++14 -o CMakeFiles/cmTC_13625.dir/feature_tests.cxx.o -c /computer-vision-bootcamp/modules/sort/make/CMakeFiles/feature_tests.cxx
Linking CXX executable cmTC_13625
/usr/bin/cmake -E cmake_link_script CMakeFiles/cmTC_13625.dir/link.txt --verbose=1
/usr/sbin/c++       -rdynamic CMakeFiles/cmTC_13625.dir/feature_tests.cxx.o  -o cmTC_13625 
make[1]: Leaving directory '/computer-vision-bootcamp/modules/sort/make/CMakeFiles/CMakeTmp'


    Feature record: CXX_FEATURE:1cxx_aggregate_default_initializers
    Feature record: CXX_FEATURE:1cxx_alias_templates
    Feature record: CXX_FEATURE:1cxx_alignas
    Feature record: CXX_FEATURE:1cxx_alignof
    Feature record: CXX_FEATURE:1cxx_attributes
    Feature record: CXX_FEATURE:1cxx_attribute_deprecated
    Feature record: CXX_FEATURE:1cxx_auto_type
    Feature record: CXX_FEATURE:1cxx_binary_literals
    Feature record: CXX_FEATURE:1cxx_constexpr
    Feature record: CXX_FEATURE:1cxx_contextual_conversions
    Feature record: CXX_FEATURE:1cxx_decltype
    Feature record: CXX_FEATURE:1cxx_decltype_auto
    Feature record: CXX_FEATURE:1cxx_decltype_incomplete_return_types
    Feature record: CXX_FEATURE:1cxx_default_function_template_args
    Feature record: CXX_FEATURE:1cxx_defaulted_functions
    Feature record: CXX_FEATURE:1cxx_defaulted_move_initializers
    Feature record: CXX_FEATURE:1cxx_delegating_constructors
    Feature record: CXX_FEATURE:1cxx_deleted_functions
    Feature record: CXX_FEATURE:1cxx_digit_separators
    Feature record: CXX_FEATURE:1cxx_enum_forward_declarations
    Feature record: CXX_FEATURE:1cxx_explicit_conversions
    Feature record: CXX_FEATURE:1cxx_extended_friend_declarations
    Feature record: CXX_FEATURE:1cxx_extern_templates
    Feature record: CXX_FEATURE:1cxx_final
    Feature record: CXX_FEATURE:1cxx_func_identifier
    Feature record: CXX_FEATURE:1cxx_generalized_initializers
    Feature record: CXX_FEATURE:1cxx_generic_lambdas
    Feature record: CXX_FEATURE:1cxx_inheriting_constructors
    Feature record: CXX_FEATURE:1cxx_inline_namespaces
    Feature record: CXX_FEATURE:1cxx_lambdas
    Feature record: CXX_FEATURE:1cxx_lambda_init_captures
    Feature record: CXX_FEATURE:1cxx_local_type_template_args
    Feature record: CXX_FEATURE:1cxx_long_long_type
    Feature record: CXX_FEATURE:1cxx_noexcept
    Feature record: CXX_FEATURE:1cxx_nonstatic_member_init
    Feature record: CXX_FEATURE:1cxx_nullptr
    Feature record: CXX_FEATURE:1cxx_override
    Feature record: CXX_FEATURE:1cxx_range_for
    Feature record: CXX_FEATURE:1cxx_raw_string_literals
    Feature record: CXX_FEATURE:1cxx_reference_qualified_functions
    Feature record: CXX_FEATURE:1cxx_relaxed_constexpr
    Feature record: CXX_FEATURE:1cxx_return_type_deduction
    Feature record: CXX_FEATURE:1cxx_right_angle_brackets
    Feature record: CXX_FEATURE:1cxx_rvalue_references
    Feature record: CXX_FEATURE:1cxx_sizeof_member
    Feature record: CXX_FEATURE:1cxx_static_assert
    Feature record: CXX_FEATURE:1cxx_strong_enums
    Feature record: CXX_FEATURE:1cxx_template_template_parameters
    Feature record: CXX_FEATURE:1cxx_thread_local
    Feature record: CXX_FEATURE:1cxx_trailing_return_types
    Feature record: CXX_FEATURE:1cxx_unicode_literals
    Feature record: CXX_FEATURE:1cxx_uniform_initialization
    Feature record: CXX_FEATURE:1cxx_unrestricted_unions
    Feature record: CXX_FEATURE:1cxx_user_literals
    Feature record: CXX_FEATURE:1cxx_variable_templates
    Feature record: CXX_FEATURE:1cxx_variadic_macros
    Feature record: CXX_FEATURE:1cxx_variadic_templates


Detecting CXX [-std=c++11] compiler features compiled with the following output:
Change Dir: /computer-vision-bootcamp/modules/sort/make/CMakeFiles/CMakeTmp

Run Build Command:"/usr/sbin/make" "cmTC_c2641/fast"
/usr/sbin/make -f CMakeFiles/cmTC_c2641.dir/build.make CMakeFiles/cmTC_c2641.dir/build
make[1]: Entering directory '/computer-vision-bootcamp/modules/sort/make/CMakeFiles/CMakeTmp'
Building CXX object CMakeFiles/cmTC_c2641.dir/feature_tests.cxx.o
/usr/sbin/c++    -std=c++11 -o CMakeFiles/cmTC_c2641.dir/feature_tests.cxx.o -c /computer-vision-bootcamp/modules/sort/make/CMakeFiles/feature_tests.cxx
Linking CXX executable cmTC_c2641
/usr/bin/cmake -E cmake_link_script CMakeFiles/cmTC_c2641.dir/link.txt --verbose=1
/usr/sbin/c++       -rdynamic CMakeFiles/cmTC_c2641.dir/feature_tests.cxx.o  -o cmTC_c2641 
make[1]: Leaving directory '/computer-vision-bootcamp/modules/sort/make/CMakeFiles/CMakeTmp'


    Feature record: CXX_FEATURE:0cxx_aggregate_default_initializers
    Feature record: CXX_FEATURE:1cxx_alias_templates
    Feature record: CXX_FEATURE:1cxx_alignas
    Feature record: CXX_FEATURE:1cxx_alignof
    Feature record: CXX_FEATURE:1cxx_attributes
    Feature record: CXX_FEATURE:0cxx_attribute_deprecated
    Feature record: CXX_FEATURE:1cxx_auto_type
    Feature record: CXX_FEATURE:0cxx_binary_literals
    Feature record: CXX_FEATURE:1cxx_constexpr
    Feature record: CXX_FEATURE:0cxx_contextual_conversions
    Feature record: CXX_FEATURE:1cxx_decltype
    Feature record: CXX_FEATURE:0cxx_decltype_auto
    Feature record: CXX_FEATURE:1cxx_decltype_incomplete_return_types
    Feature record: CXX_FEATURE:1cxx_default_function_template_args
    Feature record: CXX_FEATURE:1cxx_defaulted_functions
    Feature record: CXX_FEATURE:1cxx_defaulted_move_initializers
    Feature record: CXX_FEATURE:1cxx_delegating_constructors
    Feature record: CXX_FEATURE:1cxx_deleted_functions
    Feature record: CXX_FEATURE:0cxx_digit_separators
    Feature record: CXX_FEATURE:1cxx_enum_forward_declarations
    Feature record: CXX_FEATURE:1cxx_explicit_conversions
    Feature record: CXX_FEATURE:1cxx_extended_friend_declarations
    Feature record: CXX_FEATURE:1cxx_extern_templates
    Feature record: CXX_FEATURE:1cxx_final
    Feature record: CXX_FEATURE:1cxx_func_identifier
    Feature record: CXX_FEATURE:1cxx_generalized_initializers
    Feature record: CXX_FEATURE:0cxx_generic_lambdas
    Feature record: CXX_FEATURE:1cxx_inheriting_constructors
    Feature record: CXX_FEATURE:1cxx_inline_namespaces
    Feature record: CXX_FEATURE:1cxx_lambdas
    Feature record: CXX_FEATURE:0cxx_lambda_init_captures
    Feature record: CXX_FEATURE:1cxx_local_type_template_args
    Feature record: CXX_FEATURE:1cxx_long_long_type
    Feature record: CXX_FEATURE:1cxx_noexcept
    Feature record: CXX_FEATURE:1cxx_nonstatic_member_init
    Feature record: CXX_FEATURE:1cxx_nullptr
    Feature record: CXX_FEATURE:1cxx_override
    Feature record: CXX_FEATURE:1cxx_range_for
    Feature record: CXX_FEATURE:1cxx_raw_string_literals
    Feature record: CXX_FEATURE:1cxx_reference_qualified_functions
    Feature record: CXX_FEATURE:0cxx_relaxed_constexpr
    Feature record: CXX_FEATURE:0cxx_return_type_deduction
    Feature record: CXX_FEATURE:1cxx_right_angle_brackets
    Feature record: CXX_FEATURE:1cxx_rvalue_references
    Feature record: CXX_FEATURE:1cxx_sizeof_member
    Feature record: CXX_FEATURE:1cxx_static_assert
    Feature record: CXX_FEATURE:1cxx_strong_enums
    Feature record: CXX_FEATURE:1cxx_template_template_parameters
    Feature record: CXX_FEATURE:1cxx_thread_local
    Feature record: CXX_FEATURE:1cxx_trailing_return_types
    Feature record: CXX_FEATURE:1cxx_unicode_literals
    Feature record: CXX_FEATURE:1cxx_uniform_initialization
    Feature record: CXX_FEATURE:1cxx_unrestricted_unions
    Feature record: CXX_FEATURE:1cxx_user_literals
    Feature record: CXX_FEATURE:0cxx_variable_templates
    Feature record: CXX_FEATURE:1cxx_variadic_macros
    Feature record: CXX_FEATURE:1cxx_variadic_templates


Detecting CXX [-std=c++98] compiler features compiled with the following output:
Change Dir: /computer-vision-bootcamp/modules/sort/make/CMakeFiles/CMakeTmp

Run Build Command:"/usr/sbin/make" "cmTC_819f7/fast"
/usr/sbin/make -f CMakeFiles/cmTC_819f7.dir/build.make CMakeFiles/cmTC_819f7.dir/build
make[1]: Entering directory '/computer-vision-bootcamp/modules/sort/make/CMakeFiles/CMakeTmp'
Building CXX object CMakeFiles/cmTC_819f7.dir/feature_tests.cxx.o
/usr/sbin/c++    -std=c++98 -o CMakeFiles/cmTC_819f7.dir/feature_tests.cxx.o -c /computer-vision-bootcamp/modules/sort/make/CMakeFiles/feature_tests.cxx
Linking CXX executable cmTC_819f7
/usr/bin/cmake -E cmake_link_script CMakeFiles/cmTC_819f7.dir/link.txt --verbose=1
/usr/sbin/c++       -rdynamic CMakeFiles/cmTC_819f7.dir/feature_tests.cxx.o  -o cmTC_819f7 
make[1]: Leaving directory '/computer-vision-bootcamp/modules/sort/make/CMakeFiles/CMakeTmp'


    Feature record: CXX_FEATURE:0cxx_aggregate_default_initializers
    Feature record: CXX_FEATURE:0cxx_alias_templates
    Feature record: CXX_FEATURE:0cxx_alignas
    Feature record: CXX_FEATURE:0cxx_alignof
    Feature record: CXX_FEATURE:0cxx_attributes
    Feature record: CXX_FEATURE:0cxx_attribute_deprecated
    Feature record: CXX_FEATURE:0cxx_auto_type
    Feature record: CXX_FEATURE:0cxx_binary_literals
    Feature record: CXX_FEATURE:0cxx_constexpr
    Feature record: CXX_FEATURE:0cxx_contextual_conversions
    Feature record: CXX_FEATURE:0cxx_decltype
    Feature record: CXX_FEATURE:0cxx_decltype_auto
    Feature record: CXX_FEATURE:0cxx_decltype_incomplete_return_types
    Feature record: CXX_FEATURE:0cxx_default_function_template_args
    Feature record: CXX_FEATURE:0cxx_defaulted_functions
    Feature record: CXX_FEATURE:0cxx_defaulted_move_initializers
    Feature record: CXX_FEATURE:0cxx_delegating_constructors
    Feature record: CXX_FEATURE:0cxx_deleted_functions
    Feature record: CXX_FEATURE:0cxx_digit_separators
    Feature record: CXX_FEATURE:0cxx_enum_forward_declarations
    Feature record: CXX_FEATURE:0cxx_explicit_conversions
    Feature record: CXX_FEATURE:0cxx_extended_friend_declarations
    Feature record: CXX_FEATURE:0cxx_extern_templates
    Feature record: CXX_FEATURE:0cxx_final
    Feature record: CXX_FEATURE:0cxx_func_identifier
    Feature record: CXX_FEATURE:0cxx_generalized_initializers
    Feature record: CXX_FEATURE:0cxx_generic_lambdas
    Feature record: CXX_FEATURE:0cxx_inheriting_constructors
    Feature record: CXX_FEATURE:0cxx_inline_namespaces
    Feature record: CXX_FEATURE:0cxx_lambdas
    Feature record: CXX_FEATURE:0cxx_lambda_init_captures
    Feature record: CXX_FEATURE:0cxx_local_type_template_args
    Feature record: CXX_FEATURE:0cxx_long_long_type
    Feature record: CXX_FEATURE:0cxx_noexcept
    Feature record: CXX_FEATURE:0cxx_nonstatic_member_init
    Feature record: CXX_FEATURE:0cxx_nullptr
    Feature record: CXX_FEATURE:0cxx_override
    Feature record: CXX_FEATURE:0cxx_range_for
    Feature record: CXX_FEATURE:0cxx_raw_string_literals
    Feature record: CXX_FEATURE:0cxx_reference_qualified_functions
    Feature record: CXX_FEATURE:0cxx_relaxed_constexpr
    Feature record: CXX_FEATURE:0cxx_return_type_deduction
    Feature record: CXX_FEATURE:0cxx_right_angle_brackets
    Feature record: CXX_FEATURE:0cxx_rvalue_references
    Feature record: CXX_FEATURE:0cxx_sizeof_member
    Feature record: CXX_FEATURE:0cxx_static_assert
    Feature record: CXX_FEATURE:0cxx_strong_enums
    Feature record: CXX_FEATURE:1cxx_template_template_parameters
    Feature record: CXX_FEATURE:0cxx_thread_local
    Feature record: CXX_FEATURE:0cxx_trailing_return_types
    Feature record: CXX_FEATURE:0cxx_unicode_literals
    Feature record: CXX_FEATURE:0cxx_uniform_initialization
    Feature record: CXX_FEATURE:0cxx_unrestricted_unions
    Feature record: CXX_FEATURE:0cxx_user_literals
    Feature record: CXX_FEATURE:0cxx_variable_templates
    Feature record: CXX_FEATURE:0cxx_variadic_macros
    Feature record: CXX_FEATURE:0cxx_variadic_templates
